<?xml version="1.0" encoding="UTF-8"?>
<testsuite name="SquareTest" tests="2" skipped="0" failures="0" errors="0" timestamp="2022-04-19T17:23:21" hostname="DESKTOP-LQV54HB" time="0.052">
  <properties/>
  <testcase name="shouldMakePinkNotFilledSide5()" classname="SquareTest" time="0.05"/>
  <testcase name="shouldMakeGreenFilledSide1()" classname="SquareTest" time="0.001"/>
  <system-out><![CDATA[A Square with side=5.0, which is a subclass of A rectangle with width=5.0 and length=5.0, which is a subclass of A Shape with color of pink and Not Filled
A Square with side=1.0, which is a subclass of A rectangle with width=1.0 and length=1.0, which is a subclass of A Shape with color of green and Filled
]]></system-out>
  <system-err><![CDATA[]]></system-err>
</testsuite>
